Adding component reader
Adding component color
Adding component compress
Adding component counter
Put queue! reader 5
Get and put queue! 5 color 5
Get and put queue! 5 compress 5
Get queue! 5 counter
Parsed fileset dir=/local/jason/cinegrid3 prefix=waag-hd- postfix=.raw pos=4
New QD reader[0]->color[0] 5 5
Adding queue description: reader[0]->color[0]
Adding queue endpoint: put.0.0
Adding queue description: reader[0]->color[0]
Adding queue endpoint: get.1.0
New QD reader[1]->color[1] 5 5
Adding queue description: reader[1]->color[1]
Adding queue endpoint: put.0.1
Adding queue description: reader[1]->color[1]
Adding queue endpoint: get.1.1
New QD reader[2]->color[2] 5 5
Adding queue description: reader[2]->color[2]
Adding queue endpoint: put.0.2
Adding queue description: reader[2]->color[2]
Adding queue endpoint: get.1.2
New QD reader[3]->color[3] 5 5
Adding queue description: reader[3]->color[3]
Adding queue endpoint: put.0.3
Adding queue description: reader[3]->color[3]
Adding queue endpoint: get.1.3
New QD color[0]->compress[0,4] 5 5
Adding queue description: color[0]->compress[0,4]
Adding queue endpoint: put.1.0
Adding queue description: color[0]->compress[0,4]
Adding queue endpoint: get.2.0
Adding queue endpoint: get.2.4
New QD color[1]->compress[1,5] 5 5
Adding queue description: color[1]->compress[1,5]
Adding queue endpoint: put.1.1
Adding queue description: color[1]->compress[1,5]
Adding queue endpoint: get.2.1
Adding queue endpoint: get.2.5
New QD color[2]->compress[2,6] 5 5
Adding queue description: color[2]->compress[2,6]
Adding queue endpoint: put.1.2
Adding queue description: color[2]->compress[2,6]
Adding queue endpoint: get.2.2
Adding queue endpoint: get.2.6
New QD color[3]->compress[3,7] 5 5
Adding queue description: color[3]->compress[3,7]
Adding queue endpoint: put.1.3
Adding queue description: color[3]->compress[3,7]
Adding queue endpoint: get.2.3
Adding queue endpoint: get.2.7
New QD compress[0,1,2,3,4,5,6,7]->counter[0] 5 5
Adding queue description: compress[0,1,2,3,4,5,6,7]->counter[0]
Adding queue endpoint: put.2.0
Adding queue endpoint: put.2.1
Adding queue endpoint: put.2.2
Adding queue endpoint: put.2.3
Adding queue endpoint: put.2.4
Adding queue endpoint: put.2.5
Adding queue endpoint: put.2.6
Adding queue endpoint: put.2.7
Adding queue description: compress[0,1,2,3,4,5,6,7]->counter[0]
Adding queue endpoint: get.3.0
This configuration requires:
Component compress 8
Component reader 4
Component color 4
Component counter 1
Waiting for all nodes
Group compress 0
Group reader 0
Group color 0
Group counter 0
Group compress 0
Group reader 0
Group color 0
Group counter 0
Group compress 0
Group reader 0
Group color 0
Group counter 0
Group compress 0
Group reader 0
Group color 0
Group counter 0
Group compress 0
Group reader 0
Group color 0
Group counter 0
Group compress 0
Group reader 0
Group color 0
Group counter 0
Group compress 0
Group reader 0
Group color 0
Group counter 0
Group compress 0
Group reader 0
Group color 0
Group counter 0
Group compress 0
Group reader 0
Group color 0
Group counter 0
Group compress 0
Group reader 0
Group color 0
Group counter 0
Group compress 0
Group reader 0
Group color 0
Group counter 0
Group compress 0
Group reader 0
Group color 0
Group counter 0
Group compress 0
Group reader 0
Group color 0
Group counter 0
Group compress 0
Group reader 0
Group color 0
Group counter 0
Got register message from (Ibis 2, location node104.beowulf.cluster)
Node registered of type: reader
Got register message from (Ibis 1, location node101.beowulf.cluster)
Node registered of type: reader
Got register message from (Ibis 3, location node102.beowulf.cluster)
Node registered of type: reader
Got register message from (Ibis 4, location node103.beowulf.cluster)
Node registered of type: reader
Group compress 0
Group reader 4
Group color 0
Group counter 0
Group compress 0
Group reader 4
Group color 0
Group counter 0
Group compress 0
Group reader 4
Group color 0
Group counter 0
Group compress 0
Group reader 4
Group color 0
Group counter 0
Group compress 0
Group reader 4
Group color 0
Group counter 0
Group compress 0
Group reader 4
Group color 0
Group counter 0
Group compress 0
Group reader 4
Group color 0
Group counter 0
Group compress 0
Group reader 4
Group color 0
Group counter 0
Group compress 0
Group reader 4
Group color 0
Group counter 0
Group compress 0
Group reader 4
Group color 0
Group counter 0
Group compress 0
Group reader 4
Group color 0
Group counter 0
Group compress 0
Group reader 4
Group color 0
Group counter 0
Group compress 0
Group reader 4
Group color 0
Group counter 0
Got register message from (Ibis 5, location node202.beowulf.cluster)
Node registered of type: color
Got register message from (Ibis 6, location node203.beowulf.cluster)
Node registered of type: color
Got register message from (Ibis 7, location node201.beowulf.cluster)
Node registered of type: color
Got register message from (Ibis 8, location node205.beowulf.cluster)
Node registered of type: color
Group compress 0
Group reader 4
Group color 4
Group counter 0
Group compress 0
Group reader 4
Group color 4
Group counter 0
Group compress 0
Group reader 4
Group color 4
Group counter 0
Group compress 0
Group reader 4
Group color 4
Group counter 0
Group compress 0
Group reader 4
Group color 4
Group counter 0
Group compress 0
Group reader 4
Group color 4
Group counter 0
Group compress 0
Group reader 4
Group color 4
Group counter 0
Group compress 0
Group reader 4
Group color 4
Group counter 0
Group compress 0
Group reader 4
Group color 4
Group counter 0
Group compress 0
Group reader 4
Group color 4
Group counter 0
Group compress 0
Group reader 4
Group color 4
Group counter 0
Group compress 0
Group reader 4
Group color 4
Group counter 0
Group compress 0
Group reader 4
Group color 4
Group counter 0
Got register message from (Ibis 9, location node002.beowulf.cluster)
Node registered of type: compress
Got register message from (Ibis 10, location node003.beowulf.cluster)
Node registered of type: compress
Got register message from (Ibis 11, location node007.beowulf.cluster)
Node registered of type: compress
Got register message from (Ibis 12, location node012.beowulf.cluster)
Node registered of type: compress
Got register message from (Ibis 13, location node013.beowulf.cluster)
Node registered of type: compress
Got register message from (Ibis 14, location node014.beowulf.cluster)
Node registered of type: compress
Got register message from (Ibis 15, location node021.beowulf.cluster)
Node registered of type: compress
Got register message from (Ibis 16, location node025.beowulf.cluster)
Node registered of type: compress
Group compress 8
Group reader 4
Group color 4
Group counter 0
Group compress 8
Group reader 4
Group color 4
Group counter 0
Group compress 8
Group reader 4
Group color 4
Group counter 0
Group compress 8
Group reader 4
Group color 4
Group counter 0
Group compress 8
Group reader 4
Group color 4
Group counter 0
Group compress 8
Group reader 4
Group color 4
Group counter 0
Group compress 8
Group reader 4
Group color 4
Group counter 0
Group compress 8
Group reader 4
Group color 4
Group counter 0
Group compress 8
Group reader 4
Group color 4
Group counter 0
Group compress 8
Group reader 4
Group color 4
Group counter 0
Got register message from (Ibis 17, location node045.beowulf.cluster)
Node registered of type: counter
Group compress 8
Group reader 4
Group color 4
Group counter 1
I now have a node for each component!
Starting compress
Starting reader
Starting color
Starting counter
0 17
Info after 5 sec.
[*] No images processed yet!
[*] No images processed yet!
[*] No images processed yet!
[*] No images processed yet!
[*] No images processed yet!
[*] No images processed yet!
[*] No images processed yet!
[*] No images processed yet!
8 17
Info after 10 sec.
[*] Statistic for 0: reader (UncompressedFileReader)
[*] Processed 52 of 52 (100%) images
[*]  - Total time      : 4673 ms.
[*]  - Processing time : 1990 ms.
[*]  - Idle time       : 2683 ms. (57%)
[*]  - Avg. proc. time : 38 ms/image.
[*]
[*]  - Data in         : 616.99 MB
[*]  - Data out        : 616.99 MB
[*]
[*] - Avg. size in    : 11.87 MB/image.
[*] - Avg. size out   : 11.87 MB/image.
[*]  - Overall rate in : 1.11 GBit/sec.
[*]  - Overall rate out: 1.11 GBit/sec.
[*]  - Proc. rate in   : 2.60 GBit/sec.
[*]  - Proc. rate out  : 2.60 GBit/sec.
[*]  - Done : true
[*] No images processed yet!
[*] Statistic for 2: reader (UncompressedFileReader)
[*] Processed 52 of 52 (100%) images
[*]  - Total time      : 5030 ms.
[*]  - Processing time : 2220 ms.
[*]  - Idle time       : 2810 ms. (55%)
[*]  - Avg. proc. time : 42 ms/image.
[*]
[*]  - Data in         : 616.99 MB
[*]  - Data out        : 616.99 MB
[*]
[*] - Avg. size in    : 11.87 MB/image.
[*] - Avg. size out   : 11.87 MB/image.
[*]  - Overall rate in : 1.03 GBit/sec.
[*]  - Overall rate out: 1.03 GBit/sec.
[*]  - Proc. rate in   : 2.33 GBit/sec.
[*]  - Proc. rate out  : 2.33 GBit/sec.
[*]  - Done : true
[*] No images processed yet!
[*] Statistic for 4: color (ColorConvertor)
[*] Processed 52 images
[*]  - Total time      : 7420 ms.
[*]  - Processing time : 1548 ms.
[*]  - Idle time       : 5872 ms. (79%)
[*]  - Avg. proc. time : 29 ms/image.
[*]
[*]  - Data in         : 616.99 MB
[*]  - Data out        : 616.99 MB
[*]
[*] - Avg. size in    : 11.87 MB/image.
[*] - Avg. size out   : 11.87 MB/image.
[*]  - Overall rate in : 697.53 MBit/sec.
[*]  - Overall rate out: 697.53 MBit/sec.
[*]  - Proc. rate in   : 3.34 GBit/sec.
[*]  - Proc. rate out  : 3.34 GBit/sec.
[*]  - Done : true
[*] No images processed yet!
[*] Statistic for 6: color (ColorConvertor)
[*] Processed 52 images
[*]  - Total time      : 7271 ms.
[*]  - Processing time : 1720 ms.
[*]  - Idle time       : 5551 ms. (76%)
[*]  - Avg. proc. time : 33 ms/image.
[*]
[*]  - Data in         : 616.99 MB
[*]  - Data out        : 616.99 MB
[*]
[*] - Avg. size in    : 11.87 MB/image.
[*] - Avg. size out   : 11.87 MB/image.
[*]  - Overall rate in : 711.83 MBit/sec.
[*]  - Overall rate out: 711.83 MBit/sec.
[*]  - Proc. rate in   : 3.01 GBit/sec.
[*]  - Proc. rate out  : 3.01 GBit/sec.
[*]  - Done : true
[*] No images processed yet!
[*] No images processed yet!
[*] No images processed yet!
[*] No images processed yet!
[*] No images processed yet!
12 17
Info after 15 sec.
[*] Statistic for 0: reader (UncompressedFileReader)
[*] Processed 52 of 52 (100%) images
[*]  - Total time      : 4673 ms.
[*]  - Processing time : 1990 ms.
[*]  - Idle time       : 2683 ms. (57%)
[*]  - Avg. proc. time : 38 ms/image.
[*]
[*]  - Data in         : 616.99 MB
[*]  - Data out        : 616.99 MB
[*]
[*] - Avg. size in    : 11.87 MB/image.
[*] - Avg. size out   : 11.87 MB/image.
[*]  - Overall rate in : 1.11 GBit/sec.
[*]  - Overall rate out: 1.11 GBit/sec.
[*]  - Proc. rate in   : 2.60 GBit/sec.
[*]  - Proc. rate out  : 2.60 GBit/sec.
[*]  - Done : true
[*] No images processed yet!
[*] Statistic for 2: reader (UncompressedFileReader)
[*] Processed 52 of 52 (100%) images
[*]  - Total time      : 5030 ms.
[*]  - Processing time : 2220 ms.
[*]  - Idle time       : 2810 ms. (55%)
[*]  - Avg. proc. time : 42 ms/image.
[*]
[*]  - Data in         : 616.99 MB
[*]  - Data out        : 616.99 MB
[*]
[*] - Avg. size in    : 11.87 MB/image.
[*] - Avg. size out   : 11.87 MB/image.
[*]  - Overall rate in : 1.03 GBit/sec.
[*]  - Overall rate out: 1.03 GBit/sec.
[*]  - Proc. rate in   : 2.33 GBit/sec.
[*]  - Proc. rate out  : 2.33 GBit/sec.
[*]  - Done : true
[*] No images processed yet!
[*] Statistic for 4: color (ColorConvertor)
[*] Processed 52 images
[*]  - Total time      : 7420 ms.
[*]  - Processing time : 1548 ms.
[*]  - Idle time       : 5872 ms. (79%)
[*]  - Avg. proc. time : 29 ms/image.
[*]
[*]  - Data in         : 616.99 MB
[*]  - Data out        : 616.99 MB
[*]
[*] - Avg. size in    : 11.87 MB/image.
[*] - Avg. size out   : 11.87 MB/image.
[*]  - Overall rate in : 697.53 MBit/sec.
[*]  - Overall rate out: 697.53 MBit/sec.
[*]  - Proc. rate in   : 3.34 GBit/sec.
[*]  - Proc. rate out  : 3.34 GBit/sec.
[*]  - Done : true
[*] No images processed yet!
[*] Statistic for 6: color (ColorConvertor)
[*] Processed 52 images
[*]  - Total time      : 7271 ms.
[*]  - Processing time : 1720 ms.
[*]  - Idle time       : 5551 ms. (76%)
[*]  - Avg. proc. time : 33 ms/image.
[*]
[*]  - Data in         : 616.99 MB
[*]  - Data out        : 616.99 MB
[*]
[*] - Avg. size in    : 11.87 MB/image.
[*] - Avg. size out   : 11.87 MB/image.
[*]  - Overall rate in : 711.83 MBit/sec.
[*]  - Overall rate out: 711.83 MBit/sec.
[*]  - Proc. rate in   : 3.01 GBit/sec.
[*]  - Proc. rate out  : 3.01 GBit/sec.
[*]  - Done : true
[*] No images processed yet!
[*] No images processed yet!
[*] No images processed yet!
[*] No images processed yet!
[*] No images processed yet!
12 17
Info after 20 sec.
[*] Statistic for 0: reader (UncompressedFileReader)
[*] Processed 52 of 52 (100%) images
[*]  - Total time      : 4673 ms.
[*]  - Processing time : 1990 ms.
[*]  - Idle time       : 2683 ms. (57%)
[*]  - Avg. proc. time : 38 ms/image.
[*]
[*]  - Data in         : 616.99 MB
[*]  - Data out        : 616.99 MB
[*]
[*] - Avg. size in    : 11.87 MB/image.
[*] - Avg. size out   : 11.87 MB/image.
[*]  - Overall rate in : 1.11 GBit/sec.
[*]  - Overall rate out: 1.11 GBit/sec.
[*]  - Proc. rate in   : 2.60 GBit/sec.
[*]  - Proc. rate out  : 2.60 GBit/sec.
[*]  - Done : true
[*] No images processed yet!
[*] Statistic for 2: reader (UncompressedFileReader)
[*] Processed 52 of 52 (100%) images
[*]  - Total time      : 5030 ms.
[*]  - Processing time : 2220 ms.
[*]  - Idle time       : 2810 ms. (55%)
[*]  - Avg. proc. time : 42 ms/image.
[*]
[*]  - Data in         : 616.99 MB
[*]  - Data out        : 616.99 MB
[*]
[*] - Avg. size in    : 11.87 MB/image.
[*] - Avg. size out   : 11.87 MB/image.
[*]  - Overall rate in : 1.03 GBit/sec.
[*]  - Overall rate out: 1.03 GBit/sec.
[*]  - Proc. rate in   : 2.33 GBit/sec.
[*]  - Proc. rate out  : 2.33 GBit/sec.
[*]  - Done : true
[*] No images processed yet!
[*] Statistic for 4: color (ColorConvertor)
[*] Processed 52 images
[*]  - Total time      : 7420 ms.
[*]  - Processing time : 1548 ms.
[*]  - Idle time       : 5872 ms. (79%)
[*]  - Avg. proc. time : 29 ms/image.
[*]
[*]  - Data in         : 616.99 MB
[*]  - Data out        : 616.99 MB
[*]
[*] - Avg. size in    : 11.87 MB/image.
[*] - Avg. size out   : 11.87 MB/image.
[*]  - Overall rate in : 697.53 MBit/sec.
[*]  - Overall rate out: 697.53 MBit/sec.
[*]  - Proc. rate in   : 3.34 GBit/sec.
[*]  - Proc. rate out  : 3.34 GBit/sec.
[*]  - Done : true
[*] No images processed yet!
[*] Statistic for 6: color (ColorConvertor)
[*] Processed 52 images
[*]  - Total time      : 7271 ms.
[*]  - Processing time : 1720 ms.
[*]  - Idle time       : 5551 ms. (76%)
[*]  - Avg. proc. time : 33 ms/image.
[*]
[*]  - Data in         : 616.99 MB
[*]  - Data out        : 616.99 MB
[*]
[*] - Avg. size in    : 11.87 MB/image.
[*] - Avg. size out   : 11.87 MB/image.
[*]  - Overall rate in : 711.83 MBit/sec.
[*]  - Overall rate out: 711.83 MBit/sec.
[*]  - Proc. rate in   : 3.01 GBit/sec.
[*]  - Proc. rate out  : 3.01 GBit/sec.
[*]  - Done : true
[*] No images processed yet!
[*] No images processed yet!
[*] No images processed yet!
[*] No images processed yet!
[*] No images processed yet!
12 17
Info after 25 sec.
[*] Statistic for 0: reader (UncompressedFileReader)
[*] Processed 52 of 52 (100%) images
[*]  - Total time      : 4673 ms.
[*]  - Processing time : 1990 ms.
[*]  - Idle time       : 2683 ms. (57%)
[*]  - Avg. proc. time : 38 ms/image.
[*]
[*]  - Data in         : 616.99 MB
[*]  - Data out        : 616.99 MB
[*]
[*] - Avg. size in    : 11.87 MB/image.
[*] - Avg. size out   : 11.87 MB/image.
[*]  - Overall rate in : 1.11 GBit/sec.
[*]  - Overall rate out: 1.11 GBit/sec.
[*]  - Proc. rate in   : 2.60 GBit/sec.
[*]  - Proc. rate out  : 2.60 GBit/sec.
[*]  - Done : true
[*] No images processed yet!
[*] Statistic for 2: reader (UncompressedFileReader)
[*] Processed 52 of 52 (100%) images
[*]  - Total time      : 5030 ms.
[*]  - Processing time : 2220 ms.
[*]  - Idle time       : 2810 ms. (55%)
[*]  - Avg. proc. time : 42 ms/image.
[*]
[*]  - Data in         : 616.99 MB
[*]  - Data out        : 616.99 MB
[*]
[*] - Avg. size in    : 11.87 MB/image.
[*] - Avg. size out   : 11.87 MB/image.
[*]  - Overall rate in : 1.03 GBit/sec.
[*]  - Overall rate out: 1.03 GBit/sec.
[*]  - Proc. rate in   : 2.33 GBit/sec.
[*]  - Proc. rate out  : 2.33 GBit/sec.
[*]  - Done : true
[*] No images processed yet!
[*] Statistic for 4: color (ColorConvertor)
[*] Processed 52 images
[*]  - Total time      : 7420 ms.
[*]  - Processing time : 1548 ms.
[*]  - Idle time       : 5872 ms. (79%)
[*]  - Avg. proc. time : 29 ms/image.
[*]
[*]  - Data in         : 616.99 MB
[*]  - Data out        : 616.99 MB
[*]
[*] - Avg. size in    : 11.87 MB/image.
[*] - Avg. size out   : 11.87 MB/image.
[*]  - Overall rate in : 697.53 MBit/sec.
[*]  - Overall rate out: 697.53 MBit/sec.
[*]  - Proc. rate in   : 3.34 GBit/sec.
[*]  - Proc. rate out  : 3.34 GBit/sec.
[*]  - Done : true
[*] No images processed yet!
[*] Statistic for 6: color (ColorConvertor)
[*] Processed 52 images
[*]  - Total time      : 7271 ms.
[*]  - Processing time : 1720 ms.
[*]  - Idle time       : 5551 ms. (76%)
[*]  - Avg. proc. time : 33 ms/image.
[*]
[*]  - Data in         : 616.99 MB
[*]  - Data out        : 616.99 MB
[*]
[*] - Avg. size in    : 11.87 MB/image.
[*] - Avg. size out   : 11.87 MB/image.
[*]  - Overall rate in : 711.83 MBit/sec.
[*]  - Overall rate out: 711.83 MBit/sec.
[*]  - Proc. rate in   : 3.01 GBit/sec.
[*]  - Proc. rate out  : 3.01 GBit/sec.
[*]  - Done : true
[*] No images processed yet!
[*] No images processed yet!
[*] No images processed yet!
[*] No images processed yet!
[*] No images processed yet!
12 17
Info after 30 sec.
[*] Statistic for 0: reader (UncompressedFileReader)
[*] Processed 52 of 52 (100%) images
[*]  - Total time      : 4673 ms.
[*]  - Processing time : 1990 ms.
[*]  - Idle time       : 2683 ms. (57%)
[*]  - Avg. proc. time : 38 ms/image.
[*]
[*]  - Data in         : 616.99 MB
[*]  - Data out        : 616.99 MB
[*]
[*] - Avg. size in    : 11.87 MB/image.
[*] - Avg. size out   : 11.87 MB/image.
[*]  - Overall rate in : 1.11 GBit/sec.
[*]  - Overall rate out: 1.11 GBit/sec.
[*]  - Proc. rate in   : 2.60 GBit/sec.
[*]  - Proc. rate out  : 2.60 GBit/sec.
[*]  - Done : true
[*] No images processed yet!
[*] Statistic for 2: reader (UncompressedFileReader)
[*] Processed 52 of 52 (100%) images
[*]  - Total time      : 5030 ms.
[*]  - Processing time : 2220 ms.
[*]  - Idle time       : 2810 ms. (55%)
[*]  - Avg. proc. time : 42 ms/image.
[*]
[*]  - Data in         : 616.99 MB
[*]  - Data out        : 616.99 MB
[*]
[*] - Avg. size in    : 11.87 MB/image.
[*] - Avg. size out   : 11.87 MB/image.
[*]  - Overall rate in : 1.03 GBit/sec.
[*]  - Overall rate out: 1.03 GBit/sec.
[*]  - Proc. rate in   : 2.33 GBit/sec.
[*]  - Proc. rate out  : 2.33 GBit/sec.
[*]  - Done : true
[*] No images processed yet!
[*] Statistic for 4: color (ColorConvertor)
[*] Processed 52 images
[*]  - Total time      : 7420 ms.
[*]  - Processing time : 1548 ms.
[*]  - Idle time       : 5872 ms. (79%)
[*]  - Avg. proc. time : 29 ms/image.
[*]
[*]  - Data in         : 616.99 MB
[*]  - Data out        : 616.99 MB
[*]
[*] - Avg. size in    : 11.87 MB/image.
[*] - Avg. size out   : 11.87 MB/image.
[*]  - Overall rate in : 697.53 MBit/sec.
[*]  - Overall rate out: 697.53 MBit/sec.
[*]  - Proc. rate in   : 3.34 GBit/sec.
[*]  - Proc. rate out  : 3.34 GBit/sec.
[*]  - Done : true
[*] No images processed yet!
[*] Statistic for 6: color (ColorConvertor)
[*] Processed 52 images
[*]  - Total time      : 7271 ms.
[*]  - Processing time : 1720 ms.
[*]  - Idle time       : 5551 ms. (76%)
[*]  - Avg. proc. time : 33 ms/image.
[*]
[*]  - Data in         : 616.99 MB
[*]  - Data out        : 616.99 MB
[*]
[*] - Avg. size in    : 11.87 MB/image.
[*] - Avg. size out   : 11.87 MB/image.
[*]  - Overall rate in : 711.83 MBit/sec.
[*]  - Overall rate out: 711.83 MBit/sec.
[*]  - Proc. rate in   : 3.01 GBit/sec.
[*]  - Proc. rate out  : 3.01 GBit/sec.
[*]  - Done : true
[*] No images processed yet!
[*] No images processed yet!
[*] No images processed yet!
[*] No images processed yet!
[*] No images processed yet!
12 17
Info after 35 sec.
[*] Statistic for 0: reader (UncompressedFileReader)
[*] Processed 52 of 52 (100%) images
[*]  - Total time      : 4673 ms.
[*]  - Processing time : 1990 ms.
[*]  - Idle time       : 2683 ms. (57%)
[*]  - Avg. proc. time : 38 ms/image.
[*]
[*]  - Data in         : 616.99 MB
[*]  - Data out        : 616.99 MB
[*]
[*] - Avg. size in    : 11.87 MB/image.
[*] - Avg. size out   : 11.87 MB/image.
[*]  - Overall rate in : 1.11 GBit/sec.
[*]  - Overall rate out: 1.11 GBit/sec.
[*]  - Proc. rate in   : 2.60 GBit/sec.
[*]  - Proc. rate out  : 2.60 GBit/sec.
[*]  - Done : true
[*] No images processed yet!
[*] Statistic for 2: reader (UncompressedFileReader)
[*] Processed 52 of 52 (100%) images
[*]  - Total time      : 5030 ms.
[*]  - Processing time : 2220 ms.
[*]  - Idle time       : 2810 ms. (55%)
[*]  - Avg. proc. time : 42 ms/image.
[*]
[*]  - Data in         : 616.99 MB
[*]  - Data out        : 616.99 MB
[*]
[*] - Avg. size in    : 11.87 MB/image.
[*] - Avg. size out   : 11.87 MB/image.
[*]  - Overall rate in : 1.03 GBit/sec.
[*]  - Overall rate out: 1.03 GBit/sec.
[*]  - Proc. rate in   : 2.33 GBit/sec.
[*]  - Proc. rate out  : 2.33 GBit/sec.
[*]  - Done : true
[*] No images processed yet!
[*] Statistic for 4: color (ColorConvertor)
[*] Processed 52 images
[*]  - Total time      : 7420 ms.
[*]  - Processing time : 1548 ms.
[*]  - Idle time       : 5872 ms. (79%)
[*]  - Avg. proc. time : 29 ms/image.
[*]
[*]  - Data in         : 616.99 MB
[*]  - Data out        : 616.99 MB
[*]
[*] - Avg. size in    : 11.87 MB/image.
[*] - Avg. size out   : 11.87 MB/image.
[*]  - Overall rate in : 697.53 MBit/sec.
[*]  - Overall rate out: 697.53 MBit/sec.
[*]  - Proc. rate in   : 3.34 GBit/sec.
[*]  - Proc. rate out  : 3.34 GBit/sec.
[*]  - Done : true
[*] No images processed yet!
[*] Statistic for 6: color (ColorConvertor)
[*] Processed 52 images
[*]  - Total time      : 7271 ms.
[*]  - Processing time : 1720 ms.
[*]  - Idle time       : 5551 ms. (76%)
[*]  - Avg. proc. time : 33 ms/image.
[*]
[*]  - Data in         : 616.99 MB
[*]  - Data out        : 616.99 MB
[*]
[*] - Avg. size in    : 11.87 MB/image.
[*] - Avg. size out   : 11.87 MB/image.
[*]  - Overall rate in : 711.83 MBit/sec.
[*]  - Overall rate out: 711.83 MBit/sec.
[*]  - Proc. rate in   : 3.01 GBit/sec.
[*]  - Proc. rate out  : 3.01 GBit/sec.
[*]  - Done : true
[*] No images processed yet!
[*] No images processed yet!
[*] No images processed yet!
[*] No images processed yet!
[*] No images processed yet!
12 17
Info after 40 sec.
[*] Statistic for 0: reader (UncompressedFileReader)
[*] Processed 52 of 52 (100%) images
[*]  - Total time      : 4673 ms.
[*]  - Processing time : 1990 ms.
[*]  - Idle time       : 2683 ms. (57%)
[*]  - Avg. proc. time : 38 ms/image.
[*]
[*]  - Data in         : 616.99 MB
[*]  - Data out        : 616.99 MB
[*]
[*] - Avg. size in    : 11.87 MB/image.
[*] - Avg. size out   : 11.87 MB/image.
[*]  - Overall rate in : 1.11 GBit/sec.
[*]  - Overall rate out: 1.11 GBit/sec.
[*]  - Proc. rate in   : 2.60 GBit/sec.
[*]  - Proc. rate out  : 2.60 GBit/sec.
[*]  - Done : true
[*] No images processed yet!
[*] Statistic for 2: reader (UncompressedFileReader)
[*] Processed 52 of 52 (100%) images
[*]  - Total time      : 5030 ms.
[*]  - Processing time : 2220 ms.
[*]  - Idle time       : 2810 ms. (55%)
[*]  - Avg. proc. time : 42 ms/image.
[*]
[*]  - Data in         : 616.99 MB
[*]  - Data out        : 616.99 MB
[*]
[*] - Avg. size in    : 11.87 MB/image.
[*] - Avg. size out   : 11.87 MB/image.
[*]  - Overall rate in : 1.03 GBit/sec.
[*]  - Overall rate out: 1.03 GBit/sec.
[*]  - Proc. rate in   : 2.33 GBit/sec.
[*]  - Proc. rate out  : 2.33 GBit/sec.
[*]  - Done : true
[*] No images processed yet!
[*] Statistic for 4: color (ColorConvertor)
[*] Processed 52 images
[*]  - Total time      : 7420 ms.
[*]  - Processing time : 1548 ms.
[*]  - Idle time       : 5872 ms. (79%)
[*]  - Avg. proc. time : 29 ms/image.
[*]
[*]  - Data in         : 616.99 MB
[*]  - Data out        : 616.99 MB
[*]
[*] - Avg. size in    : 11.87 MB/image.
[*] - Avg. size out   : 11.87 MB/image.
[*]  - Overall rate in : 697.53 MBit/sec.
[*]  - Overall rate out: 697.53 MBit/sec.
[*]  - Proc. rate in   : 3.34 GBit/sec.
[*]  - Proc. rate out  : 3.34 GBit/sec.
[*]  - Done : true
[*] No images processed yet!
[*] Statistic for 6: color (ColorConvertor)
[*] Processed 52 images
[*]  - Total time      : 7271 ms.
[*]  - Processing time : 1720 ms.
[*]  - Idle time       : 5551 ms. (76%)
[*]  - Avg. proc. time : 33 ms/image.
[*]
[*]  - Data in         : 616.99 MB
[*]  - Data out        : 616.99 MB
[*]
[*] - Avg. size in    : 11.87 MB/image.
[*] - Avg. size out   : 11.87 MB/image.
[*]  - Overall rate in : 711.83 MBit/sec.
[*]  - Overall rate out: 711.83 MBit/sec.
[*]  - Proc. rate in   : 3.01 GBit/sec.
[*]  - Proc. rate out  : 3.01 GBit/sec.
[*]  - Done : true
[*] No images processed yet!
[*] No images processed yet!
[*] No images processed yet!
[*] No images processed yet!
[*] No images processed yet!
12 17
Info after 45 sec.
[*] Statistic for 0: reader (UncompressedFileReader)
[*] Processed 52 of 52 (100%) images
[*]  - Total time      : 4673 ms.
[*]  - Processing time : 1990 ms.
[*]  - Idle time       : 2683 ms. (57%)
[*]  - Avg. proc. time : 38 ms/image.
[*]
[*]  - Data in         : 616.99 MB
[*]  - Data out        : 616.99 MB
[*]
[*] - Avg. size in    : 11.87 MB/image.
[*] - Avg. size out   : 11.87 MB/image.
[*]  - Overall rate in : 1.11 GBit/sec.
[*]  - Overall rate out: 1.11 GBit/sec.
[*]  - Proc. rate in   : 2.60 GBit/sec.
[*]  - Proc. rate out  : 2.60 GBit/sec.
[*]  - Done : true
[*] No images processed yet!
[*] Statistic for 2: reader (UncompressedFileReader)
[*] Processed 52 of 52 (100%) images
[*]  - Total time      : 5030 ms.
[*]  - Processing time : 2220 ms.
[*]  - Idle time       : 2810 ms. (55%)
[*]  - Avg. proc. time : 42 ms/image.
[*]
[*]  - Data in         : 616.99 MB
[*]  - Data out        : 616.99 MB
[*]
[*] - Avg. size in    : 11.87 MB/image.
[*] - Avg. size out   : 11.87 MB/image.
[*]  - Overall rate in : 1.03 GBit/sec.
[*]  - Overall rate out: 1.03 GBit/sec.
[*]  - Proc. rate in   : 2.33 GBit/sec.
[*]  - Proc. rate out  : 2.33 GBit/sec.
[*]  - Done : true
[*] No images processed yet!
[*] Statistic for 4: color (ColorConvertor)
[*] Processed 52 images
[*]  - Total time      : 7420 ms.
[*]  - Processing time : 1548 ms.
[*]  - Idle time       : 5872 ms. (79%)
[*]  - Avg. proc. time : 29 ms/image.
[*]
[*]  - Data in         : 616.99 MB
[*]  - Data out        : 616.99 MB
[*]
[*] - Avg. size in    : 11.87 MB/image.
[*] - Avg. size out   : 11.87 MB/image.
[*]  - Overall rate in : 697.53 MBit/sec.
[*]  - Overall rate out: 697.53 MBit/sec.
[*]  - Proc. rate in   : 3.34 GBit/sec.
[*]  - Proc. rate out  : 3.34 GBit/sec.
[*]  - Done : true
[*] No images processed yet!
[*] Statistic for 6: color (ColorConvertor)
[*] Processed 52 images
[*]  - Total time      : 7271 ms.
[*]  - Processing time : 1720 ms.
[*]  - Idle time       : 5551 ms. (76%)
[*]  - Avg. proc. time : 33 ms/image.
[*]
[*]  - Data in         : 616.99 MB
[*]  - Data out        : 616.99 MB
[*]
[*] - Avg. size in    : 11.87 MB/image.
[*] - Avg. size out   : 11.87 MB/image.
[*]  - Overall rate in : 711.83 MBit/sec.
[*]  - Overall rate out: 711.83 MBit/sec.
[*]  - Proc. rate in   : 3.01 GBit/sec.
[*]  - Proc. rate out  : 3.01 GBit/sec.
[*]  - Done : true
[*] No images processed yet!
[*] No images processed yet!
[*] No images processed yet!
[*] No images processed yet!
[*] No images processed yet!
12 17
Info after 50 sec.
[*] Statistic for 0: reader (UncompressedFileReader)
[*] Processed 52 of 52 (100%) images
[*]  - Total time      : 4673 ms.
[*]  - Processing time : 1990 ms.
[*]  - Idle time       : 2683 ms. (57%)
[*]  - Avg. proc. time : 38 ms/image.
[*]
[*]  - Data in         : 616.99 MB
[*]  - Data out        : 616.99 MB
[*]
[*] - Avg. size in    : 11.87 MB/image.
[*] - Avg. size out   : 11.87 MB/image.
[*]  - Overall rate in : 1.11 GBit/sec.
[*]  - Overall rate out: 1.11 GBit/sec.
[*]  - Proc. rate in   : 2.60 GBit/sec.
[*]  - Proc. rate out  : 2.60 GBit/sec.
[*]  - Done : true
[*] No images processed yet!
[*] Statistic for 2: reader (UncompressedFileReader)
[*] Processed 52 of 52 (100%) images
[*]  - Total time      : 5030 ms.
[*]  - Processing time : 2220 ms.
[*]  - Idle time       : 2810 ms. (55%)
[*]  - Avg. proc. time : 42 ms/image.
[*]
[*]  - Data in         : 616.99 MB
[*]  - Data out        : 616.99 MB
[*]
[*] - Avg. size in    : 11.87 MB/image.
[*] - Avg. size out   : 11.87 MB/image.
[*]  - Overall rate in : 1.03 GBit/sec.
[*]  - Overall rate out: 1.03 GBit/sec.
[*]  - Proc. rate in   : 2.33 GBit/sec.
[*]  - Proc. rate out  : 2.33 GBit/sec.
[*]  - Done : true
[*] No images processed yet!
[*] Statistic for 4: color (ColorConvertor)
[*] Processed 52 images
[*]  - Total time      : 7420 ms.
[*]  - Processing time : 1548 ms.
[*]  - Idle time       : 5872 ms. (79%)
[*]  - Avg. proc. time : 29 ms/image.
[*]
[*]  - Data in         : 616.99 MB
[*]  - Data out        : 616.99 MB
[*]
[*] - Avg. size in    : 11.87 MB/image.
[*] - Avg. size out   : 11.87 MB/image.
[*]  - Overall rate in : 697.53 MBit/sec.
[*]  - Overall rate out: 697.53 MBit/sec.
[*]  - Proc. rate in   : 3.34 GBit/sec.
[*]  - Proc. rate out  : 3.34 GBit/sec.
[*]  - Done : true
[*] No images processed yet!
[*] Statistic for 6: color (ColorConvertor)
[*] Processed 52 images
[*]  - Total time      : 7271 ms.
[*]  - Processing time : 1720 ms.
[*]  - Idle time       : 5551 ms. (76%)
[*]  - Avg. proc. time : 33 ms/image.
[*]
[*]  - Data in         : 616.99 MB
[*]  - Data out        : 616.99 MB
[*]
[*] - Avg. size in    : 11.87 MB/image.
[*] - Avg. size out   : 11.87 MB/image.
[*]  - Overall rate in : 711.83 MBit/sec.
[*]  - Overall rate out: 711.83 MBit/sec.
[*]  - Proc. rate in   : 3.01 GBit/sec.
[*]  - Proc. rate out  : 3.01 GBit/sec.
[*]  - Done : true
[*] No images processed yet!
[*] No images processed yet!
[*] No images processed yet!
[*] No images processed yet!
[*] No images processed yet!
12 17
Info after 55 sec.
[*] Statistic for 0: reader (UncompressedFileReader)
[*] Processed 52 of 52 (100%) images
[*]  - Total time      : 4673 ms.
[*]  - Processing time : 1990 ms.
[*]  - Idle time       : 2683 ms. (57%)
[*]  - Avg. proc. time : 38 ms/image.
[*]
[*]  - Data in         : 616.99 MB
[*]  - Data out        : 616.99 MB
[*]
[*] - Avg. size in    : 11.87 MB/image.
[*] - Avg. size out   : 11.87 MB/image.
[*]  - Overall rate in : 1.11 GBit/sec.
[*]  - Overall rate out: 1.11 GBit/sec.
[*]  - Proc. rate in   : 2.60 GBit/sec.
[*]  - Proc. rate out  : 2.60 GBit/sec.
[*]  - Done : true
[*] No images processed yet!
[*] Statistic for 2: reader (UncompressedFileReader)
[*] Processed 52 of 52 (100%) images
[*]  - Total time      : 5030 ms.
[*]  - Processing time : 2220 ms.
[*]  - Idle time       : 2810 ms. (55%)
[*]  - Avg. proc. time : 42 ms/image.
[*]
[*]  - Data in         : 616.99 MB
[*]  - Data out        : 616.99 MB
[*]
[*] - Avg. size in    : 11.87 MB/image.
[*] - Avg. size out   : 11.87 MB/image.
[*]  - Overall rate in : 1.03 GBit/sec.
[*]  - Overall rate out: 1.03 GBit/sec.
[*]  - Proc. rate in   : 2.33 GBit/sec.
[*]  - Proc. rate out  : 2.33 GBit/sec.
[*]  - Done : true
[*] No images processed yet!
[*] Statistic for 4: color (ColorConvertor)
[*] Processed 52 images
[*]  - Total time      : 7420 ms.
[*]  - Processing time : 1548 ms.
[*]  - Idle time       : 5872 ms. (79%)
[*]  - Avg. proc. time : 29 ms/image.
[*]
[*]  - Data in         : 616.99 MB
[*]  - Data out        : 616.99 MB
[*]
[*] - Avg. size in    : 11.87 MB/image.
[*] - Avg. size out   : 11.87 MB/image.
[*]  - Overall rate in : 697.53 MBit/sec.
[*]  - Overall rate out: 697.53 MBit/sec.
[*]  - Proc. rate in   : 3.34 GBit/sec.
[*]  - Proc. rate out  : 3.34 GBit/sec.
[*]  - Done : true
[*] No images processed yet!
[*] Statistic for 6: color (ColorConvertor)
[*] Processed 52 images
[*]  - Total time      : 7271 ms.
[*]  - Processing time : 1720 ms.
[*]  - Idle time       : 5551 ms. (76%)
[*]  - Avg. proc. time : 33 ms/image.
[*]
[*]  - Data in         : 616.99 MB
[*]  - Data out        : 616.99 MB
[*]
[*] - Avg. size in    : 11.87 MB/image.
[*] - Avg. size out   : 11.87 MB/image.
[*]  - Overall rate in : 711.83 MBit/sec.
[*]  - Overall rate out: 711.83 MBit/sec.
[*]  - Proc. rate in   : 3.01 GBit/sec.
[*]  - Proc. rate out  : 3.01 GBit/sec.
[*]  - Done : true
[*] No images processed yet!
[*] No images processed yet!
[*] No images processed yet!
[*] No images processed yet!
[*] No images processed yet!
12 17
Info after 60 sec.
[*] Statistic for 0: reader (UncompressedFileReader)
[*] Processed 52 of 52 (100%) images
[*]  - Total time      : 4673 ms.
[*]  - Processing time : 1990 ms.
[*]  - Idle time       : 2683 ms. (57%)
[*]  - Avg. proc. time : 38 ms/image.
[*]
[*]  - Data in         : 616.99 MB
[*]  - Data out        : 616.99 MB
[*]
[*] - Avg. size in    : 11.87 MB/image.
[*] - Avg. size out   : 11.87 MB/image.
[*]  - Overall rate in : 1.11 GBit/sec.
[*]  - Overall rate out: 1.11 GBit/sec.
[*]  - Proc. rate in   : 2.60 GBit/sec.
[*]  - Proc. rate out  : 2.60 GBit/sec.
[*]  - Done : true
[*] No images processed yet!
[*] Statistic for 2: reader (UncompressedFileReader)
[*] Processed 52 of 52 (100%) images
[*]  - Total time      : 5030 ms.
[*]  - Processing time : 2220 ms.
[*]  - Idle time       : 2810 ms. (55%)
[*]  - Avg. proc. time : 42 ms/image.
[*]
[*]  - Data in         : 616.99 MB
[*]  - Data out        : 616.99 MB
[*]
[*] - Avg. size in    : 11.87 MB/image.
[*] - Avg. size out   : 11.87 MB/image.
[*]  - Overall rate in : 1.03 GBit/sec.
[*]  - Overall rate out: 1.03 GBit/sec.
[*]  - Proc. rate in   : 2.33 GBit/sec.
[*]  - Proc. rate out  : 2.33 GBit/sec.
[*]  - Done : true
[*] No images processed yet!
[*] Statistic for 4: color (ColorConvertor)
[*] Processed 52 images
[*]  - Total time      : 7420 ms.
[*]  - Processing time : 1548 ms.
[*]  - Idle time       : 5872 ms. (79%)
[*]  - Avg. proc. time : 29 ms/image.
[*]
[*]  - Data in         : 616.99 MB
[*]  - Data out        : 616.99 MB
[*]
[*] - Avg. size in    : 11.87 MB/image.
[*] - Avg. size out   : 11.87 MB/image.
[*]  - Overall rate in : 697.53 MBit/sec.
[*]  - Overall rate out: 697.53 MBit/sec.
[*]  - Proc. rate in   : 3.34 GBit/sec.
[*]  - Proc. rate out  : 3.34 GBit/sec.
[*]  - Done : true
[*] No images processed yet!
[*] Statistic for 6: color (ColorConvertor)
[*] Processed 52 images
[*]  - Total time      : 7271 ms.
[*]  - Processing time : 1720 ms.
[*]  - Idle time       : 5551 ms. (76%)
[*]  - Avg. proc. time : 33 ms/image.
[*]
[*]  - Data in         : 616.99 MB
[*]  - Data out        : 616.99 MB
[*]
[*] - Avg. size in    : 11.87 MB/image.
[*] - Avg. size out   : 11.87 MB/image.
[*]  - Overall rate in : 711.83 MBit/sec.
[*]  - Overall rate out: 711.83 MBit/sec.
[*]  - Proc. rate in   : 3.01 GBit/sec.
[*]  - Proc. rate out  : 3.01 GBit/sec.
[*]  - Done : true
[*] No images processed yet!
[*] No images processed yet!
[*] No images processed yet!
[*] No images processed yet!
[*] No images processed yet!
12 17
Info after 65 sec.
[*] Statistic for 0: reader (UncompressedFileReader)
[*] Processed 52 of 52 (100%) images
[*]  - Total time      : 4673 ms.
[*]  - Processing time : 1990 ms.
[*]  - Idle time       : 2683 ms. (57%)
[*]  - Avg. proc. time : 38 ms/image.
[*]
[*]  - Data in         : 616.99 MB
[*]  - Data out        : 616.99 MB
[*]
[*] - Avg. size in    : 11.87 MB/image.
[*] - Avg. size out   : 11.87 MB/image.
[*]  - Overall rate in : 1.11 GBit/sec.
[*]  - Overall rate out: 1.11 GBit/sec.
[*]  - Proc. rate in   : 2.60 GBit/sec.
[*]  - Proc. rate out  : 2.60 GBit/sec.
[*]  - Done : true
[*] No images processed yet!
[*] Statistic for 2: reader (UncompressedFileReader)
[*] Processed 52 of 52 (100%) images
[*]  - Total time      : 5030 ms.
[*]  - Processing time : 2220 ms.
[*]  - Idle time       : 2810 ms. (55%)
[*]  - Avg. proc. time : 42 ms/image.
[*]
[*]  - Data in         : 616.99 MB
[*]  - Data out        : 616.99 MB
[*]
[*] - Avg. size in    : 11.87 MB/image.
[*] - Avg. size out   : 11.87 MB/image.
[*]  - Overall rate in : 1.03 GBit/sec.
[*]  - Overall rate out: 1.03 GBit/sec.
[*]  - Proc. rate in   : 2.33 GBit/sec.
[*]  - Proc. rate out  : 2.33 GBit/sec.
[*]  - Done : true
[*] No images processed yet!
[*] Statistic for 4: color (ColorConvertor)
[*] Processed 52 images
[*]  - Total time      : 7420 ms.
[*]  - Processing time : 1548 ms.
[*]  - Idle time       : 5872 ms. (79%)
[*]  - Avg. proc. time : 29 ms/image.
[*]
[*]  - Data in         : 616.99 MB
[*]  - Data out        : 616.99 MB
[*]
[*] - Avg. size in    : 11.87 MB/image.
[*] - Avg. size out   : 11.87 MB/image.
[*]  - Overall rate in : 697.53 MBit/sec.
[*]  - Overall rate out: 697.53 MBit/sec.
[*]  - Proc. rate in   : 3.34 GBit/sec.
[*]  - Proc. rate out  : 3.34 GBit/sec.
[*]  - Done : true
[*] No images processed yet!
[*] Statistic for 6: color (ColorConvertor)
[*] Processed 52 images
[*]  - Total time      : 7271 ms.
[*]  - Processing time : 1720 ms.
[*]  - Idle time       : 5551 ms. (76%)
[*]  - Avg. proc. time : 33 ms/image.
[*]
[*]  - Data in         : 616.99 MB
[*]  - Data out        : 616.99 MB
[*]
[*] - Avg. size in    : 11.87 MB/image.
[*] - Avg. size out   : 11.87 MB/image.
[*]  - Overall rate in : 711.83 MBit/sec.
[*]  - Overall rate out: 711.83 MBit/sec.
[*]  - Proc. rate in   : 3.01 GBit/sec.
[*]  - Proc. rate out  : 3.01 GBit/sec.
[*]  - Done : true
[*] No images processed yet!
[*] No images processed yet!
[*] No images processed yet!
[*] No images processed yet!
[*] No images processed yet!
12 17
Info after 70 sec.
[*] Statistic for 0: reader (UncompressedFileReader)
[*] Processed 52 of 52 (100%) images
[*]  - Total time      : 4673 ms.
[*]  - Processing time : 1990 ms.
[*]  - Idle time       : 2683 ms. (57%)
[*]  - Avg. proc. time : 38 ms/image.
[*]
[*]  - Data in         : 616.99 MB
[*]  - Data out        : 616.99 MB
[*]
[*] - Avg. size in    : 11.87 MB/image.
[*] - Avg. size out   : 11.87 MB/image.
[*]  - Overall rate in : 1.11 GBit/sec.
[*]  - Overall rate out: 1.11 GBit/sec.
[*]  - Proc. rate in   : 2.60 GBit/sec.
[*]  - Proc. rate out  : 2.60 GBit/sec.
[*]  - Done : true
[*] No images processed yet!
[*] Statistic for 2: reader (UncompressedFileReader)
[*] Processed 52 of 52 (100%) images
[*]  - Total time      : 5030 ms.
[*]  - Processing time : 2220 ms.
[*]  - Idle time       : 2810 ms. (55%)
[*]  - Avg. proc. time : 42 ms/image.
[*]
[*]  - Data in         : 616.99 MB
[*]  - Data out        : 616.99 MB
[*]
[*] - Avg. size in    : 11.87 MB/image.
[*] - Avg. size out   : 11.87 MB/image.
[*]  - Overall rate in : 1.03 GBit/sec.
[*]  - Overall rate out: 1.03 GBit/sec.
[*]  - Proc. rate in   : 2.33 GBit/sec.
[*]  - Proc. rate out  : 2.33 GBit/sec.
[*]  - Done : true
[*] No images processed yet!
[*] Statistic for 4: color (ColorConvertor)
[*] Processed 52 images
[*]  - Total time      : 7420 ms.
[*]  - Processing time : 1548 ms.
[*]  - Idle time       : 5872 ms. (79%)
[*]  - Avg. proc. time : 29 ms/image.
[*]
[*]  - Data in         : 616.99 MB
[*]  - Data out        : 616.99 MB
[*]
[*] - Avg. size in    : 11.87 MB/image.
[*] - Avg. size out   : 11.87 MB/image.
[*]  - Overall rate in : 697.53 MBit/sec.
[*]  - Overall rate out: 697.53 MBit/sec.
[*]  - Proc. rate in   : 3.34 GBit/sec.
[*]  - Proc. rate out  : 3.34 GBit/sec.
[*]  - Done : true
[*] No images processed yet!
[*] Statistic for 6: color (ColorConvertor)
[*] Processed 52 images
[*]  - Total time      : 7271 ms.
[*]  - Processing time : 1720 ms.
[*]  - Idle time       : 5551 ms. (76%)
[*]  - Avg. proc. time : 33 ms/image.
[*]
[*]  - Data in         : 616.99 MB
[*]  - Data out        : 616.99 MB
[*]
[*] - Avg. size in    : 11.87 MB/image.
[*] - Avg. size out   : 11.87 MB/image.
[*]  - Overall rate in : 711.83 MBit/sec.
[*]  - Overall rate out: 711.83 MBit/sec.
[*]  - Proc. rate in   : 3.01 GBit/sec.
[*]  - Proc. rate out  : 3.01 GBit/sec.
[*]  - Done : true
[*] No images processed yet!
[*] No images processed yet!
[*] No images processed yet!
[*] No images processed yet!
[*] No images processed yet!
12 17
Info after 75 sec.
[*] Statistic for 0: reader (UncompressedFileReader)
[*] Processed 52 of 52 (100%) images
[*]  - Total time      : 4673 ms.
[*]  - Processing time : 1990 ms.
[*]  - Idle time       : 2683 ms. (57%)
[*]  - Avg. proc. time : 38 ms/image.
[*]
[*]  - Data in         : 616.99 MB
[*]  - Data out        : 616.99 MB
[*]
[*] - Avg. size in    : 11.87 MB/image.
[*] - Avg. size out   : 11.87 MB/image.
[*]  - Overall rate in : 1.11 GBit/sec.
[*]  - Overall rate out: 1.11 GBit/sec.
[*]  - Proc. rate in   : 2.60 GBit/sec.
[*]  - Proc. rate out  : 2.60 GBit/sec.
[*]  - Done : true
[*] No images processed yet!
[*] Statistic for 2: reader (UncompressedFileReader)
[*] Processed 52 of 52 (100%) images
[*]  - Total time      : 5030 ms.
[*]  - Processing time : 2220 ms.
[*]  - Idle time       : 2810 ms. (55%)
[*]  - Avg. proc. time : 42 ms/image.
[*]
[*]  - Data in         : 616.99 MB
[*]  - Data out        : 616.99 MB
[*]
[*] - Avg. size in    : 11.87 MB/image.
[*] - Avg. size out   : 11.87 MB/image.
[*]  - Overall rate in : 1.03 GBit/sec.
[*]  - Overall rate out: 1.03 GBit/sec.
[*]  - Proc. rate in   : 2.33 GBit/sec.
[*]  - Proc. rate out  : 2.33 GBit/sec.
[*]  - Done : true
[*] No images processed yet!
[*] Statistic for 4: color (ColorConvertor)
[*] Processed 52 images
[*]  - Total time      : 7420 ms.
[*]  - Processing time : 1548 ms.
[*]  - Idle time       : 5872 ms. (79%)
[*]  - Avg. proc. time : 29 ms/image.
[*]
[*]  - Data in         : 616.99 MB
[*]  - Data out        : 616.99 MB
[*]
[*] - Avg. size in    : 11.87 MB/image.
[*] - Avg. size out   : 11.87 MB/image.
[*]  - Overall rate in : 697.53 MBit/sec.
[*]  - Overall rate out: 697.53 MBit/sec.
[*]  - Proc. rate in   : 3.34 GBit/sec.
[*]  - Proc. rate out  : 3.34 GBit/sec.
[*]  - Done : true
[*] No images processed yet!
[*] Statistic for 6: color (ColorConvertor)
[*] Processed 52 images
[*]  - Total time      : 7271 ms.
[*]  - Processing time : 1720 ms.
[*]  - Idle time       : 5551 ms. (76%)
[*]  - Avg. proc. time : 33 ms/image.
[*]
[*]  - Data in         : 616.99 MB
[*]  - Data out        : 616.99 MB
[*]
[*] - Avg. size in    : 11.87 MB/image.
[*] - Avg. size out   : 11.87 MB/image.
[*]  - Overall rate in : 711.83 MBit/sec.
[*]  - Overall rate out: 711.83 MBit/sec.
[*]  - Proc. rate in   : 3.01 GBit/sec.
[*]  - Proc. rate out  : 3.01 GBit/sec.
[*]  - Done : true
[*] No images processed yet!
[*] No images processed yet!
[*] No images processed yet!
[*] No images processed yet!
[*] No images processed yet!
12 17
Info after 80 sec.
[*] Statistic for 0: reader (UncompressedFileReader)
[*] Processed 52 of 52 (100%) images
[*]  - Total time      : 4673 ms.
[*]  - Processing time : 1990 ms.
[*]  - Idle time       : 2683 ms. (57%)
[*]  - Avg. proc. time : 38 ms/image.
[*]
[*]  - Data in         : 616.99 MB
[*]  - Data out        : 616.99 MB
[*]
[*] - Avg. size in    : 11.87 MB/image.
[*] - Avg. size out   : 11.87 MB/image.
[*]  - Overall rate in : 1.11 GBit/sec.
[*]  - Overall rate out: 1.11 GBit/sec.
[*]  - Proc. rate in   : 2.60 GBit/sec.
[*]  - Proc. rate out  : 2.60 GBit/sec.
[*]  - Done : true
[*] No images processed yet!
[*] Statistic for 2: reader (UncompressedFileReader)
[*] Processed 52 of 52 (100%) images
[*]  - Total time      : 5030 ms.
[*]  - Processing time : 2220 ms.
[*]  - Idle time       : 2810 ms. (55%)
[*]  - Avg. proc. time : 42 ms/image.
[*]
[*]  - Data in         : 616.99 MB
[*]  - Data out        : 616.99 MB
[*]
[*] - Avg. size in    : 11.87 MB/image.
[*] - Avg. size out   : 11.87 MB/image.
[*]  - Overall rate in : 1.03 GBit/sec.
[*]  - Overall rate out: 1.03 GBit/sec.
[*]  - Proc. rate in   : 2.33 GBit/sec.
[*]  - Proc. rate out  : 2.33 GBit/sec.
[*]  - Done : true
[*] No images processed yet!
[*] Statistic for 4: color (ColorConvertor)
[*] Processed 52 images
[*]  - Total time      : 7420 ms.
[*]  - Processing time : 1548 ms.
[*]  - Idle time       : 5872 ms. (79%)
[*]  - Avg. proc. time : 29 ms/image.
[*]
[*]  - Data in         : 616.99 MB
[*]  - Data out        : 616.99 MB
[*]
[*] - Avg. size in    : 11.87 MB/image.
[*] - Avg. size out   : 11.87 MB/image.
[*]  - Overall rate in : 697.53 MBit/sec.
[*]  - Overall rate out: 697.53 MBit/sec.
[*]  - Proc. rate in   : 3.34 GBit/sec.
[*]  - Proc. rate out  : 3.34 GBit/sec.
[*]  - Done : true
[*] No images processed yet!
[*] Statistic for 6: color (ColorConvertor)
[*] Processed 52 images
[*]  - Total time      : 7271 ms.
[*]  - Processing time : 1720 ms.
[*]  - Idle time       : 5551 ms. (76%)
[*]  - Avg. proc. time : 33 ms/image.
[*]
[*]  - Data in         : 616.99 MB
[*]  - Data out        : 616.99 MB
[*]
[*] - Avg. size in    : 11.87 MB/image.
[*] - Avg. size out   : 11.87 MB/image.
[*]  - Overall rate in : 711.83 MBit/sec.
[*]  - Overall rate out: 711.83 MBit/sec.
[*]  - Proc. rate in   : 3.01 GBit/sec.
[*]  - Proc. rate out  : 3.01 GBit/sec.
[*]  - Done : true
[*] No images processed yet!
[*] No images processed yet!
[*] No images processed yet!
[*] No images processed yet!
[*] No images processed yet!
12 17
Info after 85 sec.
[*] Statistic for 0: reader (UncompressedFileReader)
[*] Processed 52 of 52 (100%) images
[*]  - Total time      : 4673 ms.
[*]  - Processing time : 1990 ms.
[*]  - Idle time       : 2683 ms. (57%)
[*]  - Avg. proc. time : 38 ms/image.
[*]
[*]  - Data in         : 616.99 MB
[*]  - Data out        : 616.99 MB
[*]
[*] - Avg. size in    : 11.87 MB/image.
[*] - Avg. size out   : 11.87 MB/image.
[*]  - Overall rate in : 1.11 GBit/sec.
[*]  - Overall rate out: 1.11 GBit/sec.
[*]  - Proc. rate in   : 2.60 GBit/sec.
[*]  - Proc. rate out  : 2.60 GBit/sec.
[*]  - Done : true
[*] No images processed yet!
[*] Statistic for 2: reader (UncompressedFileReader)
[*] Processed 52 of 52 (100%) images
[*]  - Total time      : 5030 ms.
[*]  - Processing time : 2220 ms.
[*]  - Idle time       : 2810 ms. (55%)
[*]  - Avg. proc. time : 42 ms/image.
[*]
[*]  - Data in         : 616.99 MB
[*]  - Data out        : 616.99 MB
[*]
[*] - Avg. size in    : 11.87 MB/image.
[*] - Avg. size out   : 11.87 MB/image.
[*]  - Overall rate in : 1.03 GBit/sec.
[*]  - Overall rate out: 1.03 GBit/sec.
[*]  - Proc. rate in   : 2.33 GBit/sec.
[*]  - Proc. rate out  : 2.33 GBit/sec.
[*]  - Done : true
[*] No images processed yet!
[*] Statistic for 4: color (ColorConvertor)
[*] Processed 52 images
[*]  - Total time      : 7420 ms.
[*]  - Processing time : 1548 ms.
[*]  - Idle time       : 5872 ms. (79%)
[*]  - Avg. proc. time : 29 ms/image.
[*]
[*]  - Data in         : 616.99 MB
[*]  - Data out        : 616.99 MB
[*]
[*] - Avg. size in    : 11.87 MB/image.
[*] - Avg. size out   : 11.87 MB/image.
[*]  - Overall rate in : 697.53 MBit/sec.
[*]  - Overall rate out: 697.53 MBit/sec.
[*]  - Proc. rate in   : 3.34 GBit/sec.
[*]  - Proc. rate out  : 3.34 GBit/sec.
[*]  - Done : true
[*] No images processed yet!
[*] Statistic for 6: color (ColorConvertor)
[*] Processed 52 images
[*]  - Total time      : 7271 ms.
[*]  - Processing time : 1720 ms.
[*]  - Idle time       : 5551 ms. (76%)
[*]  - Avg. proc. time : 33 ms/image.
[*]
[*]  - Data in         : 616.99 MB
[*]  - Data out        : 616.99 MB
[*]
[*] - Avg. size in    : 11.87 MB/image.
[*] - Avg. size out   : 11.87 MB/image.
[*]  - Overall rate in : 711.83 MBit/sec.
[*]  - Overall rate out: 711.83 MBit/sec.
[*]  - Proc. rate in   : 3.01 GBit/sec.
[*]  - Proc. rate out  : 3.01 GBit/sec.
[*]  - Done : true
[*] No images processed yet!
[*] No images processed yet!
[*] No images processed yet!
[*] No images processed yet!
[*] No images processed yet!
12 17
Info after 90 sec.
[*] Statistic for 0: reader (UncompressedFileReader)
[*] Processed 52 of 52 (100%) images
[*]  - Total time      : 4673 ms.
[*]  - Processing time : 1990 ms.
[*]  - Idle time       : 2683 ms. (57%)
[*]  - Avg. proc. time : 38 ms/image.
[*]
[*]  - Data in         : 616.99 MB
[*]  - Data out        : 616.99 MB
[*]
[*] - Avg. size in    : 11.87 MB/image.
[*] - Avg. size out   : 11.87 MB/image.
[*]  - Overall rate in : 1.11 GBit/sec.
[*]  - Overall rate out: 1.11 GBit/sec.
[*]  - Proc. rate in   : 2.60 GBit/sec.
[*]  - Proc. rate out  : 2.60 GBit/sec.
[*]  - Done : true
[*] No images processed yet!
[*] Statistic for 2: reader (UncompressedFileReader)
[*] Processed 52 of 52 (100%) images
[*]  - Total time      : 5030 ms.
[*]  - Processing time : 2220 ms.
[*]  - Idle time       : 2810 ms. (55%)
[*]  - Avg. proc. time : 42 ms/image.
[*]
[*]  - Data in         : 616.99 MB
[*]  - Data out        : 616.99 MB
[*]
[*] - Avg. size in    : 11.87 MB/image.
[*] - Avg. size out   : 11.87 MB/image.
[*]  - Overall rate in : 1.03 GBit/sec.
[*]  - Overall rate out: 1.03 GBit/sec.
[*]  - Proc. rate in   : 2.33 GBit/sec.
[*]  - Proc. rate out  : 2.33 GBit/sec.
[*]  - Done : true
[*] No images processed yet!
[*] Statistic for 4: color (ColorConvertor)
[*] Processed 52 images
[*]  - Total time      : 7420 ms.
[*]  - Processing time : 1548 ms.
[*]  - Idle time       : 5872 ms. (79%)
[*]  - Avg. proc. time : 29 ms/image.
[*]
[*]  - Data in         : 616.99 MB
[*]  - Data out        : 616.99 MB
[*]
[*] - Avg. size in    : 11.87 MB/image.
[*] - Avg. size out   : 11.87 MB/image.
[*]  - Overall rate in : 697.53 MBit/sec.
[*]  - Overall rate out: 697.53 MBit/sec.
[*]  - Proc. rate in   : 3.34 GBit/sec.
[*]  - Proc. rate out  : 3.34 GBit/sec.
[*]  - Done : true
[*] No images processed yet!
[*] Statistic for 6: color (ColorConvertor)
[*] Processed 52 images
[*]  - Total time      : 7271 ms.
[*]  - Processing time : 1720 ms.
[*]  - Idle time       : 5551 ms. (76%)
[*]  - Avg. proc. time : 33 ms/image.
[*]
[*]  - Data in         : 616.99 MB
[*]  - Data out        : 616.99 MB
[*]
[*] - Avg. size in    : 11.87 MB/image.
[*] - Avg. size out   : 11.87 MB/image.
[*]  - Overall rate in : 711.83 MBit/sec.
[*]  - Overall rate out: 711.83 MBit/sec.
[*]  - Proc. rate in   : 3.01 GBit/sec.
[*]  - Proc. rate out  : 3.01 GBit/sec.
[*]  - Done : true
[*] No images processed yet!
[*] No images processed yet!
[*] No images processed yet!
[*] No images processed yet!
[*] No images processed yet!
12 17
Info after 95 sec.
[*] Statistic for 0: reader (UncompressedFileReader)
[*] Processed 52 of 52 (100%) images
[*]  - Total time      : 4673 ms.
[*]  - Processing time : 1990 ms.
[*]  - Idle time       : 2683 ms. (57%)
[*]  - Avg. proc. time : 38 ms/image.
[*]
[*]  - Data in         : 616.99 MB
[*]  - Data out        : 616.99 MB
[*]
[*] - Avg. size in    : 11.87 MB/image.
[*] - Avg. size out   : 11.87 MB/image.
[*]  - Overall rate in : 1.11 GBit/sec.
[*]  - Overall rate out: 1.11 GBit/sec.
[*]  - Proc. rate in   : 2.60 GBit/sec.
[*]  - Proc. rate out  : 2.60 GBit/sec.
[*]  - Done : true
[*] No images processed yet!
[*] Statistic for 2: reader (UncompressedFileReader)
[*] Processed 52 of 52 (100%) images
[*]  - Total time      : 5030 ms.
[*]  - Processing time : 2220 ms.
[*]  - Idle time       : 2810 ms. (55%)
[*]  - Avg. proc. time : 42 ms/image.
[*]
[*]  - Data in         : 616.99 MB
[*]  - Data out        : 616.99 MB
[*]
[*] - Avg. size in    : 11.87 MB/image.
[*] - Avg. size out   : 11.87 MB/image.
[*]  - Overall rate in : 1.03 GBit/sec.
[*]  - Overall rate out: 1.03 GBit/sec.
[*]  - Proc. rate in   : 2.33 GBit/sec.
[*]  - Proc. rate out  : 2.33 GBit/sec.
[*]  - Done : true
[*] No images processed yet!
[*] Statistic for 4: color (ColorConvertor)
[*] Processed 52 images
[*]  - Total time      : 7420 ms.
[*]  - Processing time : 1548 ms.
[*]  - Idle time       : 5872 ms. (79%)
[*]  - Avg. proc. time : 29 ms/image.
[*]
[*]  - Data in         : 616.99 MB
[*]  - Data out        : 616.99 MB
[*]
[*] - Avg. size in    : 11.87 MB/image.
[*] - Avg. size out   : 11.87 MB/image.
[*]  - Overall rate in : 697.53 MBit/sec.
[*]  - Overall rate out: 697.53 MBit/sec.
[*]  - Proc. rate in   : 3.34 GBit/sec.
[*]  - Proc. rate out  : 3.34 GBit/sec.
[*]  - Done : true
[*] No images processed yet!
[*] Statistic for 6: color (ColorConvertor)
[*] Processed 52 images
[*]  - Total time      : 7271 ms.
[*]  - Processing time : 1720 ms.
[*]  - Idle time       : 5551 ms. (76%)
[*]  - Avg. proc. time : 33 ms/image.
[*]
[*]  - Data in         : 616.99 MB
[*]  - Data out        : 616.99 MB
[*]
[*] - Avg. size in    : 11.87 MB/image.
[*] - Avg. size out   : 11.87 MB/image.
[*]  - Overall rate in : 711.83 MBit/sec.
[*]  - Overall rate out: 711.83 MBit/sec.
[*]  - Proc. rate in   : 3.01 GBit/sec.
[*]  - Proc. rate out  : 3.01 GBit/sec.
[*]  - Done : true
[*] No images processed yet!
[*] No images processed yet!
[*] No images processed yet!
[*] No images processed yet!
[*] No images processed yet!
12 17
Info after 100 sec.
[*] Statistic for 0: reader (UncompressedFileReader)
[*] Processed 52 of 52 (100%) images
[*]  - Total time      : 4673 ms.
[*]  - Processing time : 1990 ms.
[*]  - Idle time       : 2683 ms. (57%)
[*]  - Avg. proc. time : 38 ms/image.
[*]
[*]  - Data in         : 616.99 MB
[*]  - Data out        : 616.99 MB
[*]
[*] - Avg. size in    : 11.87 MB/image.
[*] - Avg. size out   : 11.87 MB/image.
[*]  - Overall rate in : 1.11 GBit/sec.
[*]  - Overall rate out: 1.11 GBit/sec.
[*]  - Proc. rate in   : 2.60 GBit/sec.
[*]  - Proc. rate out  : 2.60 GBit/sec.
[*]  - Done : true
[*] No images processed yet!
[*] Statistic for 2: reader (UncompressedFileReader)
[*] Processed 52 of 52 (100%) images
[*]  - Total time      : 5030 ms.
[*]  - Processing time : 2220 ms.
[*]  - Idle time       : 2810 ms. (55%)
[*]  - Avg. proc. time : 42 ms/image.
[*]
[*]  - Data in         : 616.99 MB
[*]  - Data out        : 616.99 MB
[*]
[*] - Avg. size in    : 11.87 MB/image.
[*] - Avg. size out   : 11.87 MB/image.
[*]  - Overall rate in : 1.03 GBit/sec.
[*]  - Overall rate out: 1.03 GBit/sec.
[*]  - Proc. rate in   : 2.33 GBit/sec.
[*]  - Proc. rate out  : 2.33 GBit/sec.
[*]  - Done : true
[*] No images processed yet!
[*] Statistic for 4: color (ColorConvertor)
[*] Processed 52 images
[*]  - Total time      : 7420 ms.
[*]  - Processing time : 1548 ms.
[*]  - Idle time       : 5872 ms. (79%)
[*]  - Avg. proc. time : 29 ms/image.
[*]
[*]  - Data in         : 616.99 MB
[*]  - Data out        : 616.99 MB
[*]
[*] - Avg. size in    : 11.87 MB/image.
[*] - Avg. size out   : 11.87 MB/image.
[*]  - Overall rate in : 697.53 MBit/sec.
[*]  - Overall rate out: 697.53 MBit/sec.
[*]  - Proc. rate in   : 3.34 GBit/sec.
[*]  - Proc. rate out  : 3.34 GBit/sec.
[*]  - Done : true
[*] No images processed yet!
[*] Statistic for 6: color (ColorConvertor)
[*] Processed 52 images
[*]  - Total time      : 7271 ms.
[*]  - Processing time : 1720 ms.
[*]  - Idle time       : 5551 ms. (76%)
[*]  - Avg. proc. time : 33 ms/image.
[*]
[*]  - Data in         : 616.99 MB
[*]  - Data out        : 616.99 MB
[*]
[*] - Avg. size in    : 11.87 MB/image.
[*] - Avg. size out   : 11.87 MB/image.
[*]  - Overall rate in : 711.83 MBit/sec.
[*]  - Overall rate out: 711.83 MBit/sec.
[*]  - Proc. rate in   : 3.01 GBit/sec.
[*]  - Proc. rate out  : 3.01 GBit/sec.
[*]  - Done : true
[*] No images processed yet!
[*] No images processed yet!
[*] No images processed yet!
[*] No images processed yet!
[*] No images processed yet!
12 17
Info after 105 sec.
[*] Statistic for 0: reader (UncompressedFileReader)
[*] Processed 52 of 52 (100%) images
[*]  - Total time      : 4673 ms.
[*]  - Processing time : 1990 ms.
[*]  - Idle time       : 2683 ms. (57%)
[*]  - Avg. proc. time : 38 ms/image.
[*]
[*]  - Data in         : 616.99 MB
[*]  - Data out        : 616.99 MB
[*]
[*] - Avg. size in    : 11.87 MB/image.
[*] - Avg. size out   : 11.87 MB/image.
[*]  - Overall rate in : 1.11 GBit/sec.
[*]  - Overall rate out: 1.11 GBit/sec.
[*]  - Proc. rate in   : 2.60 GBit/sec.
[*]  - Proc. rate out  : 2.60 GBit/sec.
[*]  - Done : true
[*] No images processed yet!
[*] Statistic for 2: reader (UncompressedFileReader)
[*] Processed 52 of 52 (100%) images
[*]  - Total time      : 5030 ms.
[*]  - Processing time : 2220 ms.
[*]  - Idle time       : 2810 ms. (55%)
[*]  - Avg. proc. time : 42 ms/image.
[*]
[*]  - Data in         : 616.99 MB
[*]  - Data out        : 616.99 MB
[*]
[*] - Avg. size in    : 11.87 MB/image.
[*] - Avg. size out   : 11.87 MB/image.
[*]  - Overall rate in : 1.03 GBit/sec.
[*]  - Overall rate out: 1.03 GBit/sec.
[*]  - Proc. rate in   : 2.33 GBit/sec.
[*]  - Proc. rate out  : 2.33 GBit/sec.
[*]  - Done : true
[*] No images processed yet!
[*] Statistic for 4: color (ColorConvertor)
[*] Processed 52 images
[*]  - Total time      : 7420 ms.
[*]  - Processing time : 1548 ms.
[*]  - Idle time       : 5872 ms. (79%)
[*]  - Avg. proc. time : 29 ms/image.
[*]
[*]  - Data in         : 616.99 MB
[*]  - Data out        : 616.99 MB
[*]
[*] - Avg. size in    : 11.87 MB/image.
[*] - Avg. size out   : 11.87 MB/image.
[*]  - Overall rate in : 697.53 MBit/sec.
[*]  - Overall rate out: 697.53 MBit/sec.
[*]  - Proc. rate in   : 3.34 GBit/sec.
[*]  - Proc. rate out  : 3.34 GBit/sec.
[*]  - Done : true
[*] No images processed yet!
[*] Statistic for 6: color (ColorConvertor)
[*] Processed 52 images
[*]  - Total time      : 7271 ms.
[*]  - Processing time : 1720 ms.
[*]  - Idle time       : 5551 ms. (76%)
[*]  - Avg. proc. time : 33 ms/image.
[*]
[*]  - Data in         : 616.99 MB
[*]  - Data out        : 616.99 MB
[*]
[*] - Avg. size in    : 11.87 MB/image.
[*] - Avg. size out   : 11.87 MB/image.
[*]  - Overall rate in : 711.83 MBit/sec.
[*]  - Overall rate out: 711.83 MBit/sec.
[*]  - Proc. rate in   : 3.01 GBit/sec.
[*]  - Proc. rate out  : 3.01 GBit/sec.
[*]  - Done : true
[*] No images processed yet!
[*] No images processed yet!
[*] No images processed yet!
[*] No images processed yet!
[*] No images processed yet!
12 17
Info after 110 sec.
[*] Statistic for 0: reader (UncompressedFileReader)
[*] Processed 52 of 52 (100%) images
[*]  - Total time      : 4673 ms.
[*]  - Processing time : 1990 ms.
[*]  - Idle time       : 2683 ms. (57%)
[*]  - Avg. proc. time : 38 ms/image.
[*]
[*]  - Data in         : 616.99 MB
[*]  - Data out        : 616.99 MB
[*]
[*] - Avg. size in    : 11.87 MB/image.
[*] - Avg. size out   : 11.87 MB/image.
[*]  - Overall rate in : 1.11 GBit/sec.
[*]  - Overall rate out: 1.11 GBit/sec.
[*]  - Proc. rate in   : 2.60 GBit/sec.
[*]  - Proc. rate out  : 2.60 GBit/sec.
[*]  - Done : true
[*] No images processed yet!
[*] Statistic for 2: reader (UncompressedFileReader)
[*] Processed 52 of 52 (100%) images
[*]  - Total time      : 5030 ms.
[*]  - Processing time : 2220 ms.
[*]  - Idle time       : 2810 ms. (55%)
[*]  - Avg. proc. time : 42 ms/image.
[*]
[*]  - Data in         : 616.99 MB
[*]  - Data out        : 616.99 MB
[*]
[*] - Avg. size in    : 11.87 MB/image.
[*] - Avg. size out   : 11.87 MB/image.
[*]  - Overall rate in : 1.03 GBit/sec.
[*]  - Overall rate out: 1.03 GBit/sec.
[*]  - Proc. rate in   : 2.33 GBit/sec.
[*]  - Proc. rate out  : 2.33 GBit/sec.
[*]  - Done : true
[*] No images processed yet!
[*] Statistic for 4: color (ColorConvertor)
[*] Processed 52 images
[*]  - Total time      : 7420 ms.
[*]  - Processing time : 1548 ms.
[*]  - Idle time       : 5872 ms. (79%)
[*]  - Avg. proc. time : 29 ms/image.
[*]
[*]  - Data in         : 616.99 MB
[*]  - Data out        : 616.99 MB
[*]
[*] - Avg. size in    : 11.87 MB/image.
[*] - Avg. size out   : 11.87 MB/image.
[*]  - Overall rate in : 697.53 MBit/sec.
[*]  - Overall rate out: 697.53 MBit/sec.
[*]  - Proc. rate in   : 3.34 GBit/sec.
[*]  - Proc. rate out  : 3.34 GBit/sec.
[*]  - Done : true
[*] No images processed yet!
[*] Statistic for 6: color (ColorConvertor)
[*] Processed 52 images
[*]  - Total time      : 7271 ms.
[*]  - Processing time : 1720 ms.
[*]  - Idle time       : 5551 ms. (76%)
[*]  - Avg. proc. time : 33 ms/image.
[*]
[*]  - Data in         : 616.99 MB
[*]  - Data out        : 616.99 MB
[*]
[*] - Avg. size in    : 11.87 MB/image.
[*] - Avg. size out   : 11.87 MB/image.
[*]  - Overall rate in : 711.83 MBit/sec.
[*]  - Overall rate out: 711.83 MBit/sec.
[*]  - Proc. rate in   : 3.01 GBit/sec.
[*]  - Proc. rate out  : 3.01 GBit/sec.
[*]  - Done : true
[*] No images processed yet!
[*] No images processed yet!
[*] No images processed yet!
[*] No images processed yet!
[*] No images processed yet!
12 17
