0 1.00 24883270
1 46.75 1163234223
2 47.71 1187198941
3 18.13 451127857
4 42.62 1060540302
5 26.82 667492763
6 26.03 647593329
7 13.27 330094822
8 36.29 902978714
9 29.81 741821475
10 31.78 790884605
11 31.86 792797689
12 31.83 792051183
13 31.87 793016959
14 31.86 792790299
15 29.16 725612907
16 35.60 885850035
17 30.87 768210147
18 31.88 793254730
19 29.88 743411164
20 30.85 767632315
21 30.13 749759014
22 26.58 661502634
23 16.78 417427575
24 27.17 676004854
25 29.64 737628239
26 31.75 790001941
27 31.81 791480718
28 31.85 792629046
29 32.84 817252260
30 30.85 767611399
31 30.35 755182090
32 33.36 829991997
33 31.94 794760013
34 31.04 772381149
35 30.93 769580088
36 34.74 864401628
37 29.63 737223060
38 29.49 733846840
39 24.96 621043860
40 20.66 514200702
41 25.15 625719776
42 28.29 703921118
43 31.60 786409784
44 31.87 792950435
45 31.84 792393644
46 31.87 793095794
47 31.85 792516826
48 32.00 796190257
49 30.88 768340650
50 32.81 816465175
51 31.74 789856193
52 31.13 774732783
53 31.99 796087076
54 31.49 783629701
55 23.92 595189295
56 29.89 743650834
57 18.52 460728035
58 29.94 744992768
59 26.78 666259486
60 31.15 775063777
61 31.88 793195687
62 31.88 793159847
63 31.12 774280605
64 32.60 811149704
65 31.85 792437988
66 32.05 797423363
67 31.04 772261088
68 30.84 767507820
69 33.70 838608433
70 29.07 723355153
71 39.15 974099078
72 18.62 463317933
73 26.65 663178087
74 22.94 570747827
75 23.14 575747978
76 30.67 763235192
77 31.88 793386508
78 31.85 792534072
79 32.86 817683406
80 30.84 767446329
81 31.85 792526680
82 33.87 842793815
83 29.88 743511601
84 32.11 799095601
85 32.05 797400233
86 32.13 799567494
87 28.70 714155429
88 34.17 850200636
89 26.55 660725874
90 25.51 634790868
91 18.85 468947932
92 26.54 660403176
93 30.23 752113791
94 31.67 787973661
95 32.82 816766910
96 30.87 768079502
97 31.88 793391438
98 31.84 792327121
99 31.87 792947972
100 32.83 816923678
101 30.86 767939075
102 32.10 798829223
103 32.94 819713266
104 29.15 725393032
105 20.85 518840683
106 9.73 242137302
