0 0.99 215420
1 0.00 0
2 0.00 0
3 13.78 3028188
4 83.55 18415646
5 31.25 6862593
6 35.23 7748141
7 35.76 7900794
8 45.24 9965442
9 20.62 4563692
10 30.45 6761408
11 27.01 6014396
12 28.77 6418968
13 34.05 7559815
14 25.45 5688480
15 37.13 8288474
16 24.02 5373875
17 34.90 7787182
18 26.07 5858594
19 31.09 6924335
20 28.78 6491487
21 34.94 7842630
22 27.70 6273909
23 33.72 7546761
24 30.56 6902565
25 29.60 6678528
26 30.53 6886419
27 30.73 6937649
28 28.02 6341646
29 28.15 6344285
30 33.87 7688226
31 33.37 7564954
32 25.76 5843405
33 26.18 5930074
34 36.00 8107606
35 22.73 5153513
36 31.10 7020530
37 29.90 6759638
38 29.02 6559978
39 26.73 6072564
40 37.41 8444723
41 25.78 5888261
42 32.98 7484176
43 28.34 6438600
44 34.65 7791126
45 28.05 6324537
46 32.40 7288241
47 23.91 5394659
48 39.91 8996513
49 22.60 5110273
50 35.26 7956518
51 28.72 6499477
52 31.51 7148915
53 27.15 6149006
54 26.49 5984544
55 33.25 7458751
56 27.99 6309409
57 32.60 7339497
58 28.42 6388043
59 31.00 6978602
60 25.54 5765478
61 35.69 8041783
62 26.05 5893767
63 35.75 8093436
64 25.61 5820076
65 36.18 8215047
66 18.50 4166889
67 38.61 8772771
68 27.13 6161619
69 34.49 7839886
70 26.65 6042022
71 30.73 7010904
72 31.78 7204223
73 26.85 6143823
74 27.69 6324526
75 29.65 6735603
76 29.78 6691913
77 26.46 5927884
78 34.49 7736602
79 28.82 6479689
80 31.29 7018553
81 31.31 7043437
82 30.64 6898704
83 30.32 6810853
84 27.31 6183137
85 33.86 7666677
86 24.67 5627960
87 37.40 8449242
88 27.79 6342570
89 29.34 6678215
90 32.49 7397982
91 25.77 5858429
92 33.76 7715288
93 28.02 6369626
94 27.96 6400026
95 29.58 6778795
96 27.96 6404278
97 32.97 7500236
98 31.33 7094057
99 30.33 6888627
100 28.65 6514999
101 27.29 6189887
102 30.34 6884040
103 29.72 6779920
104 35.02 7935070
105 24.83 5691492
106 36.48 8319597
107 6.97 1598454
108 8.70 1987064
