0 1.00 0.00
1 59.67 11.00
2 35.78 7.00
3 11.33 2.00
4 51.48 10.00
5 31.80 6.00
6 30.94 6.00
7 26.00 5.00
8 35.74 7.00
9 30.05 5.00
10 20.92 4.00
11 23.88 4.00
12 23.64 4.00
13 31.57 6.00
14 31.88 6.00
15 26.30 5.00
16 37.46 7.00
17 31.84 6.00
18 31.87 6.00
19 31.88 6.00
20 30.88 6.00
21 32.76 6.00
22 33.92 6.00
23 29.94 5.00
24 30.05 5.00
25 29.03 5.00
26 26.39 5.00
27 20.14 4.00
28 23.08 4.00
29 30.31 6.00
30 31.80 6.00
31 28.66 5.00
32 35.05 6.00
33 31.84 6.00
34 31.91 6.00
35 31.86 6.00
36 31.87 6.00
37 31.94 6.00
38 30.87 6.00
39 32.62 6.00
40 32.13 6.00
41 32.03 6.00
42 30.05 5.00
43 30.52 6.00
44 12.08 2.00
45 26.03 5.00
46 29.53 5.00
47 30.64 6.00
48 31.73 6.00
49 32.87 6.00
50 30.86 6.00
51 31.87 6.00
52 31.84 6.00
53 31.86 6.00
54 31.86 6.00
55 31.84 6.00
56 32.87 6.00
57 30.87 6.00
58 33.10 6.00
59 31.33 6.00
60 20.70 4.00
61 23.78 4.00
62 20.88 4.00
63 29.28 5.00
64 31.70 6.00
65 31.86 6.00
66 31.87 6.00
67 31.86 6.00
68 31.85 6.00
69 31.84 6.00
70 31.87 6.00
71 31.87 6.00
72 32.04 6.00
73 30.87 6.00
74 49.84 9.00
75 7.98 1.00
76 34.70 6.00
77 26.93 5.00
78 21.11 4.00
79 22.04 4.00
80 29.30 5.00
81 31.67 6.00
82 31.84 6.00
83 31.86 6.00
84 31.84 6.00
85 31.85 6.00
86 31.87 6.00
87 31.84 6.00
88 31.85 6.00
89 31.87 6.00
90 32.06 6.00
91 31.09 6.00
92 31.04 6.00
93 35.73 7.00
94 19.04 3.00
95 24.98 4.00
96 20.53 4.00
97 28.51 5.00
98 31.61 6.00
99 31.85 6.00
100 31.88 6.00
101 31.87 6.00
102 31.85 6.00
103 31.87 6.00
104 31.87 6.00
105 31.88 6.00
